# JRE version: OpenJDK Runtime Environment Temurin-21.0.10+7 (21.0.10+7) (build 21.0.10+7-LTS)
# Java VM: OpenJDK 64-Bit Server VM Temurin-21.0.10+7 (21.0.10+7-LTS, mixed mode, sharing, tiered, compressed oops, compressed class ptrs, g1 gc, windows-amd64)
GC Precious Log:
 CardTable entry size: 512
 Card Set container configuration: InlinePtr #cards 5 size 8 Array Of Cards #cards 12 size 40 Howl #buckets 4 coarsen threshold 1843 Howl Bitmap #cards 512 size 80 coarsen threshold 460 Card regions per heap region 1 cards per card region 2048
 CPUs: 8 total, 8 available
 Memory: 16226M
 Large Page Support: Disabled
 NUMA Support: Disabled
 Compressed Oops: Enabled (32-bit)
 Heap Region Size: 1M
 Heap Min Capacity: 512M
 Heap Initial Capacity: 512M
 Heap Max Capacity: 2G
 Pre-touch: Disabled
 Parallel Workers: 8
 Concurrent Workers: 2
 Concurrent Refinement Workers: 8
 Periodic GC: Disabled
Heap:
 garbage-first heap   total 564224K, used 172068K [0x0000000080000000, 0x0000000100000000)
  region size 1024K, 58 young (59392K), 7 survivors (7168K)
 Metaspace       used 77994K, committed 79808K, reserved 1179648K
  class space    used 8313K, committed 9152K, reserved 1048576K
GC Heap History (20 events):
Event: 5.102 GC heap before
{Heap before GC invocations=1 (full 0):
 garbage-first heap   total 524288K, used 38240K [0x0000000080000000, 0x0000000100000000)
  region size 1024K, 38 young (38912K), 4 survivors (4096K)
 Metaspace       used 9254K, committed 9600K, reserved 1114112K
  class space    used 992K, committed 1152K, reserved 1048576K
}
Event: 5.110 GC heap after
{Heap after GC invocations=2 (full 0):
 garbage-first heap   total 524288K, used 7194K [0x0000000080000000, 0x0000000100000000)
  region size 1024K, 4 young (4096K), 4 survivors (4096K)
 Metaspace       used 9254K, committed 9600K, reserved 1114112K
  class space    used 992K, committed 1152K, reserved 1048576K
}
Event: 10.394 GC heap before
{Heap before GC invocations=2 (full 0):
 garbage-first heap   total 524288K, used 118810K [0x0000000080000000, 0x0000000100000000)
  region size 1024K, 115 young (117760K), 4 survivors (4096K)
 Metaspace       used 20624K, committed 21504K, reserved 1114112K
  class space    used 2206K, committed 2560K, reserved 1048576K
}
Event: 10.403 GC heap after
{Heap after GC invocations=3 (full 0):
 garbage-first heap   total 524288K, used 14215K [0x0000000080000000, 0x0000000100000000)
  region size 1024K, 11 young (11264K), 11 survivors (11264K)
 Metaspace       used 20624K, committed 21504K, reserved 1114112K
  class space    used 2206K, committed 2560K, reserved 1048576K
}
Event: 14.529 GC heap before
{Heap before GC invocations=4 (full 0):
 garbage-first heap   total 524288K, used 152455K [0x0000000080000000, 0x0000000100000000)
  region size 1024K, 146 young (149504K), 11 survivors (11264K)
 Metaspace       used 34971K, committed 36032K, reserved 1114112K
  class space    used 3645K, committed 4096K, reserved 1048576K
}
Event: 14.548 GC heap after
{Heap after GC invocations=5 (full 0):
 garbage-first heap   total 524288K, used 22497K [0x0000000080000000, 0x0000000100000000)
  region size 1024K, 17 young (17408K), 17 survivors (17408K)
 Metaspace       used 34971K, committed 36032K, reserved 1114112K
  class space    used 3645K, committed 4096K, reserved 1048576K
}
Event: 22.780 GC heap before
{Heap before GC invocations=6 (full 0):
 garbage-first heap   total 524288K, used 288737K [0x0000000080000000, 0x0000000100000000)
  region size 1024K, 278 young (284672K), 17 survivors (17408K)
 Metaspace       used 49168K, committed 50560K, reserved 1114112K
  class space    used 5344K, committed 5952K, reserved 1048576K
}
Event: 22.833 GC heap after
{Heap after GC invocations=7 (full 0):
 garbage-first heap   total 524288K, used 46444K [0x0000000080000000, 0x0000000100000000)
  region size 1024K, 35 young (35840K), 35 survivors (35840K)
 Metaspace       used 49168K, committed 50560K, reserved 1114112K
  class space    used 5344K, committed 5952K, reserved 1048576K
}
Event: 28.146 GC heap before
{Heap before GC invocations=7 (full 0):
 garbage-first heap   total 524288K, used 255340K [0x0000000080000000, 0x0000000100000000)
  region size 1024K, 238 young (243712K), 35 survivors (35840K)
 Metaspace       used 54428K, committed 55872K, reserved 1114112K
  class space    used 5910K, committed 6528K, reserved 1048576K
}
Event: 28.183 GC heap after
{Heap after GC invocations=8 (full 0):
 garbage-first heap   total 524288K, used 58368K [0x0000000080000000, 0x0000000100000000)
  region size 1024K, 9 young (9216K), 9 survivors (9216K)
 Metaspace       used 54428K, committed 55872K, reserved 1114112K
  class space    used 5910K, committed 6528K, reserved 1048576K
}
Event: 29.635 GC heap before
{Heap before GC invocations=8 (full 0):
 garbage-first heap   total 524288K, used 364544K [0x0000000080000000, 0x0000000100000000)
  region size 1024K, 307 young (314368K), 9 survivors (9216K)
 Metaspace       used 54573K, committed 56000K, reserved 1114112K
  class space    used 5914K, committed 6528K, reserved 1048576K
}
Event: 29.647 GC heap after
{Heap after GC invocations=9 (full 0):
 garbage-first heap   total 524288K, used 62976K [0x0000000080000000, 0x0000000100000000)
  region size 1024K, 12 young (12288K), 12 survivors (12288K)
 Metaspace       used 54573K, committed 56000K, reserved 1114112K
  class space    used 5914K, committed 6528K, reserved 1048576K
}
Event: 33.325 GC heap before
{Heap before GC invocations=9 (full 0):
 garbage-first heap   total 524288K, used 242176K [0x0000000080000000, 0x0000000100000000)
  region size 1024K, 188 young (192512K), 12 survivors (12288K)
 Metaspace       used 58734K, committed 60096K, reserved 1114112K
  class space    used 6299K, committed 6912K, reserved 1048576K
}
Event: 33.344 GC heap after
{Heap after GC invocations=10 (full 0):
 garbage-first heap   total 524288K, used 59904K [0x0000000080000000, 0x0000000100000000)
  region size 1024K, 11 young (11264K), 11 survivors (11264K)
 Metaspace       used 58734K, committed 60096K, reserved 1114112K
  class space    used 6299K, committed 6912K, reserved 1048576K
}
Event: 39.693 GC heap before
{Heap before GC invocations=11 (full 0):
 garbage-first heap   total 524288K, used 424448K [0x0000000080000000, 0x0000000100000000)
  region size 1024K, 307 young (314368K), 11 survivors (11264K)
 Metaspace       used 66536K, committed 68160K, reserved 1114112K
  class space    used 6972K, committed 7680K, reserved 1048576K
}
Event: 39.757 GC heap after
{Heap after GC invocations=12 (full 0):
 garbage-first heap   total 524288K, used 114310K [0x0000000080000000, 0x0000000100000000)
  region size 1024K, 39 young (39936K), 39 survivors (39936K)
 Metaspace       used 66536K, committed 68160K, reserved 1114112K
  class space    used 6972K, committed 7680K, reserved 1048576K
}
Event: 1022.579 GC heap before
{Heap before GC invocations=12 (full 0):
 garbage-first heap   total 524288K, used 520838K [0x0000000080000000, 0x0000000100000000)
  region size 1024K, 307 young (314368K), 39 survivors (39936K)
 Metaspace       used 70611K, committed 72256K, reserved 1114112K
  class space    used 7386K, committed 8128K, reserved 1048576K
}
Event: 1022.609 GC heap after
{Heap after GC invocations=13 (full 0):
 garbage-first heap   total 564224K, used 114688K [0x0000000080000000, 0x0000000100000000)
  region size 1024K, 6 young (6144K), 6 survivors (6144K)
 Metaspace       used 70611K, committed 72256K, reserved 1114112K
  class space    used 7386K, committed 8128K, reserved 1048576K
}
Event: 8410.367 GC heap before
{Heap before GC invocations=13 (full 0):
 garbage-first heap   total 564224K, used 537600K [0x0000000080000000, 0x0000000100000000)
  region size 1024K, 330 young (337920K), 6 survivors (6144K)
 Metaspace       used 77763K, committed 79552K, reserved 1179648K
  class space    used 8309K, committed 9152K, reserved 1048576K
}
Event: 8410.453 GC heap after
{Heap after GC invocations=14 (full 0):
 garbage-first heap   total 564224K, used 115748K [0x0000000080000000, 0x0000000100000000)
  region size 1024K, 7 young (7168K), 7 survivors (7168K)
 Metaspace       used 77763K, committed 79552K, reserved 1179648K
  class space    used 8309K, committed 9152K, reserved 1048576K
}

